[    0.000000] Linux version 4.15.0-163-generic (buildd@lcy01-amd64-021) (gcc version 7.5.0 (Ubuntu 7.5.0-3ubuntu1~18.04)) #171-Ubuntu SMP Fri Nov 5 11:55:11 UTC 2021 (Ubuntu 4.15.0-163.171-generic 4.15.18)
[    0.000000] Command line: BOOT_IMAGE=/boot/vmlinuz-4.15.0-163-generic root=LABEL=cloudimg-rootfs ro console=tty1 console=ttyS0
[    0.000000] KERNEL supported cpus:
[    0.000000]   Intel GenuineIntel
[    0.000000]   AMD AuthenticAMD
[    0.000000]   Centaur CentaurHauls
[    0.000000] x86/fpu: Supporting XSAVE feature 0x001: 'x87 floating point registers'
[    0.000000] x86/fpu: Supporting XSAVE feature 0x002: 'SSE registers'
[    0.000000] x86/fpu: Supporting XSAVE feature 0x004: 'AVX registers'
[    0.000000] x86/fpu: xstate_offset[2]:  576, xstate_sizes[2]:  256
[    0.000000] x86/fpu: Enabled xstate features 0x7, context size is 832 bytes, using 'standard' format.
[    0.000000] e820: BIOS-provided physical RAM map:
[    0.000000] BIOS-e820: [mem 0x0000000000000000-0x000000000009fbff] usable
[    0.000000] BIOS-e820: [mem 0x000000000009fc00-0x000000000009ffff] reserved
[    0.000000] BIOS-e820: [mem 0x00000000000f0000-0x00000000000fffff] reserved
[    0.000000] BIOS-e820: [mem 0x0000000000100000-0x000000007ffeffff] usable
[    0.000000] BIOS-e820: [mem 0x000000007fff0000-0x000000007fffffff] ACPI data
[    0.000000] BIOS-e820: [mem 0x00000000fec00000-0x00000000fec00fff] reserved
[    0.000000] BIOS-e820: [mem 0x00000000fee00000-0x00000000fee00fff] reserved
[    0.000000] BIOS-e820: [mem 0x00000000fffc0000-0x00000000ffffffff] reserved
[    0.000000] NX (Execute Disable) protection: active
[    0.000000] SMBIOS 2.5 present.
[    0.000000] DMI: innotek GmbH VirtualBox/VirtualBox, BIOS VirtualBox 12/01/2006
[    0.000000] Hypervisor detected: KVM
[    0.000000] e820: last_pfn = 0x7fff0 max_arch_pfn = 0x400000000
[    0.000000] MTRR: Disabled
[    0.000000] x86/PAT: MTRRs disabled, skipping PAT initialization too.
[    0.000000] CPU MTRRs all blank - virtualized system.
[    0.000000] x86/PAT: Configuration [0-7]: WB  WT  UC- UC  WB  WT  UC- UC  
[    0.000000] found SMP MP-table at [mem 0x0009fff0-0x0009ffff]
[    0.000000] Scanning 1 areas for low memory corruption
[    0.000000] RAMDISK: [mem 0x359c7000-0x36cdafff]
[    0.000000] ACPI: Early table checksum verification disabled
[    0.000000] ACPI: RSDP 0x00000000000E0000 000024 (v02 VBOX  )
[    0.000000] ACPI: XSDT 0x000000007FFF0030 00003C (v01 VBOX   VBOXXSDT 00000001 ASL  00000061)
[    0.000000] ACPI: FACP 0x000000007FFF00F0 0000F4 (v04 VBOX   VBOXFACP 00000001 ASL  00000061)
[    0.000000] ACPI: DSDT 0x000000007FFF0470 002325 (v02 VBOX   VBOXBIOS 00000002 INTL 20100528)
[    0.000000] ACPI: FACS 0x000000007FFF0200 000040
[    0.000000] ACPI: FACS 0x000000007FFF0200 000040
[    0.000000] ACPI: APIC 0x000000007FFF0240 00005C (v02 VBOX   VBOXAPIC 00000001 ASL  00000061)
[    0.000000] ACPI: SSDT 0x000000007FFF02A0 0001CC (v01 VBOX   VBOXCPUT 00000002 INTL 20100528)
[    0.000000] ACPI: Reserving FACP table memory at [mem 0x7fff00f0-0x7fff01e3]
[    0.000000] ACPI: Reserving DSDT table memory at [mem 0x7fff0470-0x7fff2794]
[    0.000000] ACPI: Reserving FACS table memory at [mem 0x7fff0200-0x7fff023f]
[    0.000000] ACPI: Reserving FACS table memory at [mem 0x7fff0200-0x7fff023f]
[    0.000000] ACPI: Reserving APIC table memory at [mem 0x7fff0240-0x7fff029b]
[    0.000000] ACPI: Reserving SSDT table memory at [mem 0x7fff02a0-0x7fff046b]
[    0.000000] No NUMA configuration found
[    0.000000] Faking a node at [mem 0x0000000000000000-0x000000007ffeffff]
[    0.000000] NODE_DATA(0) allocated [mem 0x7ffc5000-0x7ffeffff]
[    0.000000] kvm-clock: cpu 0, msr 0:7ff44001, primary cpu clock
[    0.000000] kvm-clock: Using msrs 4b564d01 and 4b564d00
[    0.000000] kvm-clock: using sched offset of 3384887221 cycles
[    0.000000] clocksource: kvm-clock: mask: 0xffffffffffffffff max_cycles: 0x1cd42e4dffb, max_idle_ns: 881590591483 ns
[    0.000000] Zone ranges:
[    0.000000]   DMA      [mem 0x0000000000001000-0x0000000000ffffff]
[    0.000000]   DMA32    [mem 0x0000000001000000-0x000000007ffeffff]
[    0.000000]   Normal   empty
[    0.000000]   Device   empty
[    0.000000] Movable zone start for each node
[    0.000000] Early memory node ranges
[    0.000000]   node   0: [mem 0x0000000000001000-0x000000000009efff]
[    0.000000]   node   0: [mem 0x0000000000100000-0x000000007ffeffff]
[    0.000000] Reserved but unavailable: 104 pages
[    0.000000] Initmem setup node 0 [mem 0x0000000000001000-0x000000007ffeffff]
[    0.000000] ACPI: PM-Timer IO Port: 0x4008
[    0.000000] IOAPIC[0]: apic_id 2, version 32, address 0xfec00000, GSI 0-23
[    0.000000] ACPI: INT_SRC_OVR (bus 0 bus_irq 0 global_irq 2 dfl dfl)
[    0.000000] ACPI: INT_SRC_OVR (bus 0 bus_irq 9 global_irq 9 low level)
[    0.000000] Using ACPI (MADT) for SMP configuration information
[    0.000000] smpboot: Allowing 2 CPUs, 0 hotplug CPUs
[    0.000000] PM: Registered nosave memory: [mem 0x00000000-0x00000fff]
[    0.000000] PM: Registered nosave memory: [mem 0x0009f000-0x0009ffff]
[    0.000000] PM: Registered nosave memory: [mem 0x000a0000-0x000effff]
[    0.000000] PM: Registered nosave memory: [mem 0x000f0000-0x000fffff]
[    0.000000] e820: [mem 0x80000000-0xfebfffff] available for PCI devices
[    0.000000] Booting paravirtualized kernel on KVM
[    0.000000] clocksource: refined-jiffies: mask: 0xffffffff max_cycles: 0xffffffff, max_idle_ns: 7645519600211568 ns
[    0.000000] random: get_random_bytes called from start_kernel+0x99/0x500 with crng_init=0
[    0.000000] setup_percpu: NR_CPUS:8192 nr_cpumask_bits:2 nr_cpu_ids:2 nr_node_ids:1
[    0.000000] percpu: Embedded 45 pages/cpu s147456 r8192 d28672 u1048576
[    0.000000] PV qspinlock hash table entries: 256 (order: 0, 4096 bytes)
[    0.000000] Built 1 zonelists, mobility grouping on.  Total pages: 515961
[    0.000000] Policy zone: DMA32
[    0.000000] Kernel command line: BOOT_IMAGE=/boot/vmlinuz-4.15.0-163-generic root=LABEL=cloudimg-rootfs ro console=tty1 console=ttyS0
[    0.000000] Memory: 2014892K/2096696K available (12300K kernel code, 2483K rwdata, 4320K rodata, 2448K init, 2724K bss, 81804K reserved, 0K cma-reserved)
[    0.000000] SLUB: HWalign=64, Order=0-3, MinObjects=0, CPUs=2, Nodes=1
[    0.000000] ftrace: allocating 39476 entries in 155 pages
[    0.004000] Hierarchical RCU implementation.
[    0.004000] 	RCU restricting CPUs from NR_CPUS=8192 to nr_cpu_ids=2.
[    0.004000] 	Tasks RCU enabled.
[    0.004000] RCU: Adjusting geometry for rcu_fanout_leaf=16, nr_cpu_ids=2
[    0.004000] NR_IRQS: 524544, nr_irqs: 440, preallocated irqs: 16
[    0.004000] Console: colour VGA+ 80x25
[    0.004000] console [tty1] enabled
[    0.004000] console [ttyS0] enabled
[    0.004000] ACPI: Core revision 20170831
[    0.004000] ACPI: 2 ACPI AML tables successfully acquired and loaded
[    0.004000] APIC: Switch to symmetric I/O mode setup
[    0.004000] x2apic enabled
[    0.004000] Switched APIC routing to physical x2apic.
[    0.004000] ..TIMER: vector=0x30 apic1=0 pin1=2 apic2=-1 pin2=-1
[    0.004003] tsc: Detected 2112.004 MHz processor
[    0.004840] Calibrating delay loop (skipped) preset value.. 4224.00 BogoMIPS (lpj=8448016)
[    0.005472] pid_max: default: 32768 minimum: 301
[    0.008029] Security Framework initialized
[    0.008798] Yama: becoming mindful.
[    0.009474] AppArmor: AppArmor initialized
[    0.010810] Dentry cache hash table entries: 262144 (order: 9, 2097152 bytes)
[    0.012342] Inode-cache hash table entries: 131072 (order: 8, 1048576 bytes)
[    0.013627] Mount-cache hash table entries: 4096 (order: 3, 32768 bytes)
[    0.014797] Mountpoint-cache hash table entries: 4096 (order: 3, 32768 bytes)
[    0.016321] Last level iTLB entries: 4KB 64, 2MB 8, 4MB 8
[    0.017315] Last level dTLB entries: 4KB 64, 2MB 0, 4MB 0, 1GB 4
[    0.018437] Spectre V1 : Mitigation: usercopy/swapgs barriers and __user pointer sanitization
[    0.020002] Spectre V2 : Mitigation: Full generic retpoline
[    0.020991] Spectre V2 : Spectre v2 / SpectreRSB mitigation: Filling RSB on context switch
[    0.022505] Speculative Store Bypass: Vulnerable
[    0.023353] SRBDS: Mitigation: TSX disabled
[    0.024161] Freeing SMP alternatives memory: 36K
[    0.135979] smpboot: CPU0: Intel(R) Core(TM) i5-10210U CPU @ 1.60GHz (family: 0x6, model: 0x8e, stepping: 0xc)
[    0.136000] Performance Events: unsupported p6 CPU model 142 no PMU driver, software events only.
[    0.136000] Hierarchical SRCU implementation.
[    0.137001] NMI watchdog: Perf event create on CPU 0 failed with -2
[    0.140008] NMI watchdog: Perf NMI watchdog permanently disabled
[    0.141729] smp: Bringing up secondary CPUs ...
[    0.144184] x86: Booting SMP configuration:
[    0.145341] .... node  #0, CPUs:      #1
[    0.004000] kvm-clock: cpu 1, msr 0:7ff44041, secondary cpu clock
[    0.151670] smp: Brought up 1 node, 2 CPUs
[    0.152008] smpboot: Max logical packages: 1
[    0.153185] smpboot: Total of 2 processors activated (8448.01 BogoMIPS)
[    0.156227] devtmpfs: initialized
[    0.157442] x86/mm: Memory block size: 128MB
[    0.159286] evm: security.selinux
[    0.160006] evm: security.SMACK64
[    0.160901] evm: security.SMACK64EXEC
[    0.161815] evm: security.SMACK64TRANSMUTE
[    0.162827] evm: security.SMACK64MMAP
[    0.164009] evm: security.apparmor
[    0.165811] evm: security.ima
[    0.167066] evm: security.capability
[    0.168097] clocksource: jiffies: mask: 0xffffffff max_cycles: 0xffffffff, max_idle_ns: 7645041785100000 ns
[    0.170093] futex hash table entries: 512 (order: 3, 32768 bytes)
[    0.172009] pinctrl core: initialized pinctrl subsystem
[    0.173744] RTC time: 12:03:14, date: 12/30/21
[    0.176011] NET: Registered protocol family 16
[    0.176992] audit: initializing netlink subsys (disabled)
[    0.178132] audit: type=2000 audit(1640865799.759:1): state=initialized audit_enabled=0 res=1
[    0.178132] cpuidle: using governor ladder
[    0.180018] cpuidle: using governor menu
[    0.180944] ACPI: bus type PCI registered
[    0.181758] acpiphp: ACPI Hot Plug PCI Controller Driver version: 0.5
[    0.183156] PCI: Using configuration type 1 for base access
[    0.185051] HugeTLB registered 2.00 MiB page size, pre-allocated 0 pages
[    0.185344] ACPI: Added _OSI(Module Device)
[    0.188011] ACPI: Added _OSI(Processor Device)
[    0.188931] ACPI: Added _OSI(3.0 _SCP Extensions)
[    0.189870] ACPI: Added _OSI(Processor Aggregator Device)
[    0.190951] ACPI: Added _OSI(Linux-Dell-Video)
[    0.192003] ACPI: Added _OSI(Linux-Lenovo-NV-HDMI-Audio)
[    0.193040] ACPI: Added _OSI(Linux-HPI-Hybrid-Graphics)
[    0.194379] ACPI: Executed 1 blocks of module-level executable AML code
[    0.200259] ACPI: Interpreter enabled
[    0.201028] ACPI: (supports S0 S5)
[    0.201732] ACPI: Using IOAPIC for interrupt routing
[    0.202948] PCI: Using host bridge windows from ACPI; if necessary, use "pci=nocrs" and report a bug
[    0.204173] ACPI: Enabled 2 GPEs in block 00 to 07
[    0.212466] ACPI: PCI Root Bridge [PCI0] (domain 0000 [bus 00-ff])
[    0.213682] acpi PNP0A03:00: _OSC: OS supports [ASPM ClockPM Segments MSI]
[    0.215523] acpi PNP0A03:00: _OSC: not requesting OS control; OS requires [ExtendedConfig ASPM ClockPM MSI]
[    0.216012] acpi PNP0A03:00: fail to add MMCONFIG information, can't access extended PCI configuration space under this bridge.
[    0.220009] PCI host bridge to bus 0000:00
[    0.220831] pci_bus 0000:00: root bus resource [io  0x0000-0x0cf7 window]
[    0.222124] pci_bus 0000:00: root bus resource [io  0x0d00-0xffff window]
[    0.223603] pci_bus 0000:00: root bus resource [mem 0x000a0000-0x000bffff window]
[    0.224006] pci_bus 0000:00: root bus resource [mem 0x80000000-0xfdffffff window]
[    0.226179] pci_bus 0000:00: root bus resource [bus 00-ff]
[    0.230261] pci 0000:00:01.1: legacy IDE quirk: reg 0x10: [io  0x01f0-0x01f7]
[    0.232008] pci 0000:00:01.1: legacy IDE quirk: reg 0x14: [io  0x03f6]
[    0.233281] pci 0000:00:01.1: legacy IDE quirk: reg 0x18: [io  0x0170-0x0177]
[    0.234635] pci 0000:00:01.1: legacy IDE quirk: reg 0x1c: [io  0x0376]
[    0.268459] pci 0000:00:07.0: quirk: [io  0x4000-0x403f] claimed by PIIX4 ACPI
[    0.270478] pci 0000:00:07.0: quirk: [io  0x4100-0x410f] claimed by PIIX4 SMB
[    0.301950] ACPI: PCI Interrupt Link [LNKA] (IRQs 5 9 10 *11)
[    0.304422] ACPI: PCI Interrupt Link [LNKB] (IRQs 5 9 *10 11)
[    0.305718] ACPI: PCI Interrupt Link [LNKC] (IRQs 5 *9 10 11)
[    0.307252] ACPI: PCI Interrupt Link [LNKD] (IRQs 5 9 10 *11)
[    0.308385] SCSI subsystem initialized
[    0.309347] pci 0000:00:02.0: vgaarb: setting as boot VGA device
[    0.309600] pci 0000:00:02.0: vgaarb: VGA device added: decodes=io+mem,owns=io+mem,locks=none
[    0.312043] pci 0000:00:02.0: vgaarb: bridge control possible
[    0.316016] vgaarb: loaded
[    0.317030] ACPI: bus type USB registered
[    0.320102] usbcore: registered new interface driver usbfs
[    0.322060] usbcore: registered new interface driver hub
[    0.324031] usbcore: registered new device driver usb
[    0.328028] EDAC MC: Ver: 3.0.0
[    0.329193] PCI: Using ACPI for IRQ routing
[    0.329282] NetLabel: Initializing
[    0.330049] NetLabel:  domain hash size = 128
[    0.332006] NetLabel:  protocols = UNLABELED CIPSOv4 CALIPSO
[    0.333332] NetLabel:  unlabeled traffic allowed by default
[    0.334591] clocksource: Switched to clocksource kvm-clock
[    0.351395] VFS: Disk quotas dquot_6.6.0
[    0.353062] VFS: Dquot-cache hash table entries: 512 (order 0, 4096 bytes)
[    0.355195] AppArmor: AppArmor Filesystem Enabled
[    0.356855] pnp: PnP ACPI init
[    0.362581] pnp: PnP ACPI: found 3 devices
[    0.376817] clocksource: acpi_pm: mask: 0xffffff max_cycles: 0xffffff, max_idle_ns: 2085701024 ns
[    0.379206] NET: Registered protocol family 2
[    0.380353] IP idents hash table entries: 32768 (order: 6, 262144 bytes)
[    0.382125] TCP established hash table entries: 16384 (order: 5, 131072 bytes)
[    0.384007] TCP bind hash table entries: 16384 (order: 6, 262144 bytes)
[    0.385961] TCP: Hash tables configured (established 16384 bind 16384)
[    0.387634] UDP hash table entries: 1024 (order: 3, 32768 bytes)
[    0.389331] UDP-Lite hash table entries: 1024 (order: 3, 32768 bytes)
[    0.390866] NET: Registered protocol family 1
[    0.392020] pci 0000:00:00.0: Limiting direct PCI/PCI transfers
[    0.393698] pci 0000:00:01.0: Activating ISA DMA hang workarounds
[    0.395355] pci 0000:00:02.0: Video device with shadowed ROM at [mem 0x000c0000-0x000dffff]
[    0.398604] Unpacking initramfs...
[    0.849433] Freeing initrd memory: 19536K
[    0.851103] clocksource: tsc: mask: 0xffffffffffffffff max_cycles: 0x1e717c37157, max_idle_ns: 440795284133 ns
[    0.855729] platform rtc_cmos: registered platform RTC device (no PNP device found)
[    0.858897] Scanning for low memory corruption every 60 seconds
[    0.862013] Initialise system trusted keyrings
[    0.863124] Key type blacklist registered
[    0.864257] workingset: timestamp_bits=36 max_order=19 bucket_order=0
[    0.867627] zbud: loaded
[    0.869007] squashfs: version 4.0 (2009/01/31) Phillip Lougher
[    0.871301] fuse init (API version 7.26)
[    0.878644] Key type asymmetric registered
[    0.879697] Asymmetric key parser 'x509' registered
[    0.881120] Block layer SCSI generic (bsg) driver version 0.4 loaded (major 246)
[    0.883234] io scheduler noop registered
[    0.884243] io scheduler deadline registered
[    0.885436] io scheduler cfq registered (default)
[    0.887417] ACPI: AC Adapter [AC] (on-line)
[    0.889736] input: Power Button as /devices/LNXSYSTM:00/LNXPWRBN:00/input/input0
[    0.892369] ACPI: Power Button [PWRF]
[    0.893734] input: Sleep Button as /devices/LNXSYSTM:00/LNXSLPBN:00/input/input1
[    0.896183] ACPI: Sleep Button [SLPF]
[    0.899133] ACPI: Battery Slot [BAT0] (battery present)
[    0.900206] Serial: 8250/16550 driver, 32 ports, IRQ sharing enabled
[    0.924794] 00:02: ttyS0 at I/O 0x3f8 (irq = 4, base_baud = 115200) is a 16550A
[    0.930542] Linux agpgart interface v0.103
[    0.933978] loop: module loaded
[    0.936067] scsi host0: ata_piix
[    0.938885] scsi host1: ata_piix
[    0.940304] ata1: PATA max UDMA/33 cmd 0x1f0 ctl 0x3f6 bmdma 0xd000 irq 14
[    0.942571] ata2: PATA max UDMA/33 cmd 0x170 ctl 0x376 bmdma 0xd008 irq 15
[    0.944463] libphy: Fixed MDIO Bus: probed
[    0.945515] tun: Universal TUN/TAP device driver, 1.6
[    0.946947] PPP generic driver version 2.4.2
[    0.948037] ehci_hcd: USB 2.0 'Enhanced' Host Controller (EHCI) Driver
[    0.949641] ehci-pci: EHCI PCI platform driver
[    0.950771] ehci-platform: EHCI generic platform driver
[    0.952068] ohci_hcd: USB 1.1 'Open' Host Controller (OHCI) Driver
[    0.954548] ohci-pci: OHCI PCI platform driver
[    0.957109] ohci-platform: OHCI generic platform driver
[    0.958476] uhci_hcd: USB Universal Host Controller Interface driver
[    0.960142] i8042: PNP: PS/2 Controller [PNP0303:PS2K,PNP0f03:PS2M] at 0x60,0x64 irq 1,12
[    0.962879] serio: i8042 KBD port at 0x60,0x64 irq 1
[    0.964457] serio: i8042 AUX port at 0x60,0x64 irq 12
[    0.965761] mousedev: PS/2 mouse device common for all mice
[    0.967467] input: AT Translated Set 2 keyboard as /devices/platform/i8042/serio0/input/input2
[    0.970263] rtc_cmos rtc_cmos: rtc core: registered rtc_cmos as rtc0
[    0.973226] rtc_cmos rtc_cmos: alarms up to one day, 114 bytes nvram
[    0.976106] i2c /dev entries driver
[    0.977780] device-mapper: uevent: version 1.0.3
[    0.979113] device-mapper: ioctl: 4.37.0-ioctl (2017-09-20) initialised: dm-devel@redhat.com
[    0.981512] ledtrig-cpu: registered to indicate activity on CPUs
[    0.983732] NET: Registered protocol family 10
[    0.991316] Segment Routing with IPv6
[    0.992592] NET: Registered protocol family 17
[    0.993815] Key type dns_resolver registered
[    0.995072] mce: Using 0 MCE banks
[    0.995944] RAS: Correctable Errors collector initialized.
[    0.997377] sched_clock: Marking stable (997347427, 0)->(1178700542, -181353115)
[    0.999729] registered taskstats version 1
[    1.000773] Loading compiled-in X.509 certificates
[    1.005360] Loaded X.509 cert 'Build time autogenerated kernel key: f60a4c8d126e94dbf36c5faa43fb49029eeea9a9'
[    1.009090] Loaded X.509 cert 'Canonical Ltd. Live Patch Signing: 14df34d1a87cf37625abec039ef2bf521249b969'
[    1.012134] Loaded X.509 cert 'Canonical Ltd. Kernel Module Signing: 88f752e560a1e0737e31163a466ad7b70a850c19'
[    1.014512] zswap: loaded using pool lzo/zbud
[    1.019238] Key type big_key registered
[    1.020293] Key type trusted registered
[    1.026453] Key type encrypted registered
[    1.027600] AppArmor: AppArmor sha1 policy hashing enabled
[    1.028985] ima: No TPM chip found, activating TPM-bypass! (rc=-19)
[    1.030450] ima: Allocated hash algorithm: sha1
[    1.031568] evm: HMAC attrs: 0x1
[    1.032812]   Magic number: 1:79:78
[    1.033826] rtc_cmos rtc_cmos: setting system clock to 2021-12-30 12:03:15 UTC (1640865795)
[    1.035909] BIOS EDD facility v0.16 2004-Jun-25, 0 devices found
[    1.037954] EDD information not available.
[    1.132198] Freeing unused kernel image memory: 2448K
[    1.144569] Write protecting the kernel read-only data: 20480k
[    1.146912] Freeing unused kernel image memory: 2008K
[    1.148351] Freeing unused kernel image memory: 1824K
[    1.160143] x86/mm: Checked W+X mappings: passed, no W+X pages found.
Loading, please wait...
starting version 237
[    1.234882] e1000: Intel(R) PRO/1000 Network Driver - version 7.3.21-k8-NAPI
[    1.236739] e1000: Copyright (c) 1999-2006 Intel Corporation.
[    1.260875] Fusion MPT base driver 3.04.20
[    1.262046] Copyright (c) 1999-2008 LSI Corporation
[    1.266237] AVX2 version of gcm_enc/dec engaged.
[    1.267594] AES CTR mode by8 optimization enabled
[    1.279334] Fusion MPT SPI Host driver 3.04.20
[    1.472585] input: ImExPS/2 Generic Explorer Mouse as /devices/platform/i8042/serio1/input/input4
[    1.915783] e1000 0000:00:03.0 eth0: (PCI:33MHz:32-bit) 02:29:e0:c3:be:94
[    1.917373] e1000 0000:00:03.0 eth0: Intel(R) PRO/1000 Network Connection
[    2.904305] e1000 0000:00:08.0 eth1: (PCI:33MHz:32-bit) 08:00:27:92:eb:e3
[    2.905472] e1000 0000:00:08.0 eth1: Intel(R) PRO/1000 Network Connection
[    2.907407] e1000 0000:00:08.0 enp0s8: renamed from eth1
[    2.908562] mptbase: ioc0: Initiating bringup
[    2.940464] e1000 0000:00:03.0 enp0s3: renamed from eth0
[    3.302301] ioc0: LSI53C1030 A0: Capabilities={Initiator}
[    5.409615] scsi host2: ioc0: LSI53C1030 A0, FwRev=00000000h, Ports=1, MaxQ=256, IRQ=20
[    6.871050] scsi 2:0:0:0: Direct-Access     VBOX     HARDDISK         1.0  PQ: 0 ANSI: 5
[    7.368244] scsi target2:0:0: Beginning Domain Validation
[    7.372975] scsi target2:0:0: Domain Validation skipping write tests
[    7.376090] scsi target2:0:0: Ending Domain Validation
[    7.377951] scsi target2:0:0: asynchronous
[    7.381377] scsi 2:0:1:0: Direct-Access     VBOX     HARDDISK         1.0  PQ: 0 ANSI: 5
[    7.809077] scsi target2:0:1: Beginning Domain Validation
[    7.813871] random: fast init done
[    7.815992] scsi target2:0:1: Domain Validation skipping write tests
[    7.819011] scsi target2:0:1: Ending Domain Validation
[    7.821570] scsi target2:0:1: asynchronous
[    7.831791] random: systemd-udevd: uninitialized urandom read (16 bytes read)
[    7.834790] random: systemd-udevd: uninitialized urandom read (16 bytes read)
[    7.838853] random: systemd-udevd: uninitialized urandom read (16 bytes read)
[    7.842516] sd 2:0:0:0: Attached scsi generic sg0 type 0
[    7.847771] sd 2:0:0:0: [sda] 83886080 512-byte logical blocks: (42.9 GB/40.0 GiB)
[    7.851399] sd 2:0:0:0: [sda] Write Protect is off
[    7.853763] sd 2:0:1:0: Attached scsi generic sg1 type 0
[    7.856207] sd 2:0:0:0: [sda] Incomplete mode parameter data
[    7.859493] sd 2:0:0:0: [sda] Assuming drive cache: write through
[    7.859530] sd 2:0:1:0: [sdb] 20480 512-byte logical blocks: (10.5 MB/10.0 MiB)
[    7.867562] sd 2:0:1:0: [sdb] Write Protect is off
[    7.869858] sd 2:0:1:0: [sdb] Incomplete mode parameter data
[    7.872129] sd 2:0:1:0: [sdb] Assuming drive cache: write through
[    7.875389]  sda: sda1
[    7.877953] sd 2:0:0:0: [sda] Attached SCSI disk
[    7.882839] sd 2:0:1:0: [sdb] Attached SCSI disk
Begin: Loading essential drivers ... [    9.452126] raid6: sse2x1   gen()  7480 MB/s
[    9.500095] raid6: sse2x1   xor()  5209 MB/s
[    9.548069] raid6: sse2x2   gen() 10382 MB/s
[    9.596164] raid6: sse2x2   xor()  6260 MB/s
[    9.644062] raid6: sse2x4   gen() 11494 MB/s
[    9.692068] raid6: sse2x4   xor()  7046 MB/s
[    9.740067] raid6: avx2x1   gen() 17425 MB/s
[    9.788078] raid6: avx2x1   xor()  7404 MB/s
[    9.836174] raid6: avx2x2   gen() 10642 MB/s
[    9.884135] raid6: avx2x2   xor() 11948 MB/s
[    9.932074] raid6: avx2x4   gen() 18978 MB/s
[    9.980444] raid6: avx2x4   xor()  9033 MB/s
[    9.982073] raid6: using algorithm avx2x4 gen() 18978 MB/s
[    9.983716] raid6: .... xor() 9033 MB/s, rmw enabled
[    9.984783] raid6: using avx2x2 recovery algorithm
[    9.987530] xor: automatically using best checksumming function   avx       
[    9.990474] async_tx: api initialized (async)
done.
Begin: Running /scripts/init-premount ... done.
Begin: Mounting root file system ... Begin: Running /scripts/local-top ... done.
Begin: Running /scripts/local-premount ... [   10.047787] Btrfs loaded, crc32c=crc32c-intel
Scanning for Btrfs filesystems
done.
Warning: fsck not present, so skipping root file system
[   10.075376] EXT4-fs (sda1): mounted filesystem with ordered data mode. Opts: (null)
done.
Begin: Running /scripts/local-bottom ... done.
Begin: Running /scripts/init-bottom ... done.
[   10.255432] ip_tables: (C) 2000-2006 Netfilter Core Team
[   10.263137] systemd[1]: systemd 237 running in system mode. (+PAM +AUDIT +SELINUX +IMA +APPARMOR +SMACK +SYSVINIT +UTMP +LIBCRYPTSETUP +GCRYPT +GNUTLS +ACL +XZ +LZ4 +SECCOMP +BLKID +ELFUTILS +KMOD -IDN2 +IDN -PCRE2 default-hierarchy=hybrid)
[   10.267172] systemd[1]: Detected virtualization oracle.
[   10.268188] systemd[1]: Detected architecture x86-64.

Welcome to [1mUbuntu 18.04.6 LTS[0m!

[   10.274864] systemd[1]: Set hostname to <ubuntu-bionic>.
[   10.536446] systemd[1]: Created slice User and Session Slice.
[[0;32m  OK  [0m] Created slice User and Session Slice.
[   10.538721] systemd[1]: Started Forward Password Requests to Wall Directory Watch.
[[0;32m  OK  [0m] Started Forward Password Requests to Wall Directory Watch.
[   10.541880] systemd[1]: Created slice System Slice.
[[0;32m  OK  [0m] Created slice System Slice.
[   10.543738] systemd[1]: Reached target Slices.
[[0;32m  OK  [0m] Reached target Slices.
[   10.545537] systemd[1]: Listening on fsck to fsckd communication Socket.
[[0;32m  OK  [0m] Listening on fsck to fsckd communication Socket.
[   10.548737] systemd[1]: Set up automount Arbitrary Executable File Formats File System Automount Point.
[[0;32m  OK  [0m] Set up automount Arbitrary Executab…rmats File System Automount Point.
[[0;32m  OK  [0m] Listening on /dev/initctl Compatibility Named Pipe.
[[0;32m  OK  [0m] Listening on Journal Audit Socket.
[[0;32m  OK  [0m] Listening on Network Service Netlink Socket.
[[0;32m  OK  [0m] Listening on udev Control Socket.
[[0;32m  OK  [0m] Listening on Journal Socket (/dev/log).
[[0;32m  OK  [0m] Created slice system-serial\x2dgetty.slice.
[[0;32m  OK  [0m] Reached target Swap.
[[0;32m  OK  [0m] Listening on udev Kernel Socket.
[[0;32m  OK  [0m] Reached target User and Group Name Lookups.
[[0;32m  OK  [0m] Listening on LVM2 poll daemon socket.
[[0;32m  OK  [0m] Listening on Journal Socket.
         Starting udev Coldplug all Devices...
         Starting Uncomplicated firewall...
         Mounting POSIX Message Queue File System...
         Mounting Kernel Debug File System...
         Starting File System Check on Root Device...
         Mounting Huge Pages File System...
         Starting Create list of required st…ce nodes for the current kernel...
         Starting Set the console keyboard layout...
         Starting Load Kernel Modules...
[[0;32m  OK  [0m] Listening on Syslog Socket.
         Starting Journal Service...
[[0;32m  OK  [0m] Listening on LVM2 metadata daemon socket.
[[0;32m  OK  [0m] Reached target System Time Synchronized.
[[0;32m  OK  [0m] Listening on Device-mapper event daemon FIFOs.
         Starting Monitoring of LVM2 mirrors…ng dmeventd or progress polling...
[[0;32m  OK  [0m] Started Uncomplicated firewall.
[[0;32m  OK  [0m] Mounted POSIX Message Queue File System.
[[0;32m  OK  [0m] Mounted Kernel Debug File System.
[[0;32m  OK  [0m] Mounted Huge Pages File System.
[[0;32m  OK  [0m] Started Create list of required sta…vice nodes for the current kernel.
[[0;32m  OK  [0m] Started File System Check Daemon to report status.
         Starting Create Static Device Nodes in /dev...
[   10.657529] Loading iSCSI transport class v2.0-870.
[   10.666582] iscsi: registered transport (tcp)
[[0;32m  OK  [0m] Started udev Coldplug all Devices.
[[0;32m  OK  [0m] Started File System Check on Root Device.
         Starting Remount Root and Kernel File Systems...
[[0;32m  OK  [0m] Started Journal Service.
[[0;32m  OK  [0m] Started LVM2 metadata daemon.
[[0;32m  OK  [0m] Started Create Static Device Nodes in /dev.
[   10.764207] iscsi: registered transport (iser)
[[0;32m  OK  [0m] Started Load Kernel Modules.
         Mounting Kernel Configuration File System...
         Mounting FUSE Control File System...
         Starting Apply Kernel Variables...
[[0;32m  OK  [0m] Mounted Kernel Configuration File System.
[   10.797733] EXT4-fs (sda1): re-mounted. Opts: (null)
[[0;32m  OK  [0m] Mounted FUSE Control File System.
[[0;32m  OK  [0m] Started Remount Root and Kernel File Systems.
         Starting udev Kernel Device Manager...
         Starting Load/Save Random Seed...
         Starting Flush Journal to Persistent Storage...
[[0;32m  OK  [0m] Started Monitoring of LVM2 mirrors,…sing dmeventd or progress polling.
[[0;32m  OK  [0m] Started Load/Save Random Seed.
[[0;32m  OK  [0m] Started udev Kernel Device Manager.
[[0;32m  OK  [0m] Started Set the console keyboard layout.
[[0;32m  OK  [0m] Reached target Local File Systems (Pre).
[[0;32m  OK  [0m] Reached target Local File Systems.
         Starting ebtables ruleset management...
         Starting AppArmor initialization...
         Starting Set console font and keymap...
         Starting Tell Plymouth To Write Out Runtime Data...
[[0;32m  OK  [0m] Started Dispatch Password Requests to Console Directory Watch.
[[0;32m  OK  [0m] Reached target Local Encrypted Volumes.
[[0;32m  OK  [0m] Started Apply Kernel Variables.
[[0;32m  OK  [0m] Started Set console font and keymap.
[[0;32m  OK  [0m] Started Tell Plymouth To Write Out Runtime Data.
[[0;32m  OK  [0m] Started Flush Journal to Persistent Storage.
         Starting Create Volatile Files and Directories...
[[0;32m  OK  [0m] Started ebtables ruleset management.
[[0;32m  OK  [0m] Started Create Volatile Files and Directories.
         Starting Update UTMP about System Boot/Shutdown...
[[0;32m  OK  [0m] Started Update UTMP about System Boot/Shutdown.
[[0;32m  OK  [0m] Started AppArmor initialization.
         Starting Load AppArmor profiles managed internally by snapd...
         Starting Initial cloud-init job (pre-networking)...
[[0;32m  OK  [0m] Started Load AppArmor profiles managed internally by snapd.
[[0;32m  OK  [0m] Found device /dev/ttyS0.
[[0;32m  OK  [0m] Listening on Load/Save RF Kill Switch Status /dev/rfkill Watch.
[   13.162588] cloud-init[537]: Cloud-init v. 21.4-0ubuntu1~18.04.1 running 'init-local' at Thu, 30 Dec 2021 12:03:27 +0000. Up 12.94 seconds.
[[0;32m  OK  [0m] Started Initial cloud-init job (pre-networking).
[[0;32m  OK  [0m] Reached target Network (Pre).
         Starting Network Service...
[[0;32m  OK  [0m] Started Network Service.
         Starting Wait for Network to be Configured...
         Starting Network Name Resolution...
[[0;32m  OK  [0m] Started Network Name Resolution.
[[0;32m  OK  [0m] Reached target Host and Network Name Lookups.
[[0;32m  OK  [0m] Reached target Network.
[[0;32m  OK  [0m] Started Wait for Network to be Configured.
         Starting Initial cloud-init job (metadata service crawler)...
[   15.470906] cloud-init[694]: Cloud-init v. 21.4-0ubuntu1~18.04.1 running 'init' at Thu, 30 Dec 2021 12:03:29 +0000. Up 15.31 seconds.
[   15.473300] cloud-init[694]: ci-info: ++++++++++++++++++++++++++++++++++++++Net device info+++++++++++++++++++++++++++++++++++++++
[   15.475350] cloud-init[694]: ci-info: +--------+------+-----------------------------+---------------+--------+-------------------+
[   15.477251] cloud-init[694]: ci-info: | Device |  Up  |           Address           |      Mask     | Scope  |     Hw-Address    |
[   15.479177] cloud-init[694]: ci-info: +--------+------+-----------------------------+---------------+--------+-------------------+
[   15.481067] cloud-init[694]: ci-info: | enp0s3 | True |          10.0.2.15          | 255.255.255.0 | global | 02:29:e0:c3:be:94 |
[   15.482802] cloud-init[694]: ci-info: | enp0s3 | True |  fe80::29:e0ff:fec3:be94/64 |       .       |  link  | 02:29:e0:c3:be:94 |
[   15.484253] cloud-init[694]: ci-info: | enp0s8 | True |        192.168.33.10        | 255.255.255.0 | global | 08:00:27:92:eb:e3 |
[   15.486102] cloud-init[694]: ci-info: | enp0s8 | True | fe80::a00:27ff:fe92:ebe3/64 |       .       |  link  | 08:00:27:92:eb:e3 |
[   15.487575] cloud-init[694]: ci-info: |   lo   | True |          127.0.0.1          |   255.0.0.0   |  host  |         .         |
[   15.489176] cloud-init[694]: ci-info: |   lo   | True |           ::1/128           |       .       |  host  |         .         |
[   15.490726] cloud-init[694]: ci-info: +--------+------+-----------------------------+---------------+--------+-------------------+
[   15.492537] cloud-init[694]: ci-info: +++++++++++++++++++++++++++++Route IPv4 info+++++++++++++++++++++++++++++
[   15.494232] cloud-init[694]: ci-info: +-------+--------------+----------+-----------------+-----------+-------+
[   15.495797] cloud-init[694]: ci-info: | Route | Destination  | Gateway  |     Genmask     | Interface | Flags |
[   15.497427] cloud-init[694]: ci-info: +-------+--------------+----------+-----------------+-----------+-------+
[   15.508228] cloud-init[694]: ci-info: |   0   |   0.0.0.0    | 10.0.2.2 |     0.0.0.0     |   enp0s3  |   UG  |
[   15.520211] cloud-init[694]: ci-info: |   1   |   10.0.2.0   | 0.0.0.0  |  255.255.255.0  |   enp0s3  |   U   |
[   15.521640] cloud-init[694]: ci-info: |   2   |   10.0.2.2   | 0.0.0.0  | 255.255.255.255 |   enp0s3  |   UH  |
[   15.523255] cloud-init[694]: ci-info: |   3   | 192.168.33.0 | 0.0.0.0  |  255.255.255.0  |   enp0s8  |   U   |
[   15.524250] cloud-init[694]: ci-info: +-------+--------------+----------+-----------------+-----------+-------+
[   15.525720] cloud-init[694]: ci-info: +++++++++++++++++++Route IPv6 info+++++++++++++++++++
[   15.526965] cloud-init[694]: ci-info: +-------+-------------+---------+-----------+-------+
[   15.528198] cloud-init[694]: ci-info: | Route | Destination | Gateway | Interface | Flags |
[   15.529423] cloud-init[694]: ci-info: +-------+-------------+---------+-----------+-------+
[   15.530577] cloud-init[694]: ci-info: |   1   |  fe80::/64  |    ::   |   enp0s8  |   U   |
[   15.531756] cloud-init[694]: ci-info: |   2   |  fe80::/64  |    ::   |   enp0s3  |   U   |
[   15.533029] cloud-init[694]: ci-info: |   4   |    local    |    ::   |   enp0s3  |   U   |
[   15.534362] cloud-init[694]: ci-info: |   5   |    local    |    ::   |   enp0s8  |   U   |
[   15.535492] cloud-init[694]: ci-info: |   6   |   ff00::/8  |    ::   |   enp0s8  |   U   |
[   15.536321] cloud-init[694]: ci-info: |   7   |   ff00::/8  |    ::   |   enp0s3  |   U   |
[   15.537388] cloud-init[694]: ci-info: +-------+-------------+---------+-----------+-------+
[[0;32m  OK  [0m] Started Initial cloud-init job (metadata service crawler).
[[0;32m  OK  [0m] Reached target System Initialization.
         Starting Docker Socket for the API.
[[0;32m  OK  [0m] Started Discard unused blocks once a week.
[[0;32m  OK  [0m] Started Message of the Day.
[[0;32m  OK  [0m] Listening on D-Bus System Message Bus Socket.
[[0;32m  OK  [0m] Started Ubuntu Advantage Timer for running repeated jobs.
         Starting LXD - unix socket.
[[0;32m  OK  [0m] Started Trigger to poll for Ubuntu …(Only enabled on GCP LTS non-pro).
[[0;32m  OK  [0m] Listening on cloud-init hotplug hook socket.
[[0;32m  OK  [0m] Started Daily apt download activities.
         Starting Socket activation for snappy daemon.
[[0;32m  OK  [0m] Listening on UUID daemon activation socket.
[[0;32m  OK  [0m] Listening on Open-iSCSI iscsid Socket.
[[0;32m  OK  [0m] Listening on ACPID Listen Socket.
[[0;32m  OK  [0m] Started Daily Cleanup of Temporary Directories.
[[0;32m  OK  [0m] Started Daily apt upgrade and clean activities.
[[0;32m  OK  [0m] Started ACPI Events Check.
[[0;32m  OK  [0m] Reached target Paths.
[[0;32m  OK  [0m] Reached target Timers.
[[0;32m  OK  [0m] Reached target Network is Online.
         Starting Availability of block devices...
[[0;32m  OK  [0m] Reached target Remote File Systems (Pre).
         Mounting /configs...
         Mounting /vagrant...
[[0;32m  OK  [0m] Reached target Cloud-config availability.
[[0;32m  OK  [0m] Listening on Docker Socket for the API.
[[0;32m  OK  [0m] Listening on LXD - unix socket.
[[0;32m  OK  [0m] Listening on Socket activation for snappy daemon.
[[0;32m  OK  [0m] Started Availability of block devices.
[[0;32m  OK  [0m] Reached target Sockets.
[[0;32m  OK  [0m] Reached target Basic System.
[[0;32m  OK  [0m] Started Deferred execution scheduler.
         Starting Accounts Service...
[[0;32m  OK  [0m] Started irqbalance daemon.
         Starting Virtualbox guest utils...
         Starting System Logging Service...
         Starting OpenBSD Secure Shell server...
         Starting Dispatcher daemon for systemd-networkd...
[[0;32m  OK  [0m] Started Regular background program processing daemon.
[[0;32m  OK  [0m] Started FUSE filesystem for LXC.
         Starting containerd container runtime...
         Starting Login Service...
[[0;32m  OK  [0m] Started D-Bus System Message Bus.
         Starting Snap Daemon...
         Starting MySQL Community Server...
         Starting LSB: Record successful boot for GRUB...
         Starting LXD - container startup/shutdown...
[[0;32m  OK  [0m] Started System Logging Service.
[[0;32m  OK  [0m] Mounted /configs.
[[0;32m  OK  [0m] Mounted /vagrant.
[[0;32m  OK  [0m] Reached target Remote File Systems.
         Starting LSB: automatic crash report generation...
         Starting LSB: Start Jenkins at boot time...
         Starting Permit User Sessions...
         Starting LSB: Linux init script for swapspace...
[[0;32m  OK  [0m] Started OpenBSD Secure Shell server.
[[0;32m  OK  [0m] Started Permit User Sessions.
         Starting Terminate Plymouth Boot Screen...
         Starting Hold until boot process finishes up...
         Starting Authorization Manager...
[[0;32m  OK  [0m] Started Hold until boot process finishes up.
         Starting Set console scheme...
[[0;32m  OK  [0m] Started Serial Getty on ttyS0.
[[0;32m  OK  [0m] Started Terminate Plymouth Boot Screen.
[[0;32m  OK  [0m] Started Login Service.
[[0;32m  OK  [0m] Started Unattended Upgrades Shutdown.
[[0;32m  OK  [0m] Started Set console scheme.
[[0;32m  OK  [0m] Created slice system-getty.slice.
[[0;32m  OK  [0m] Started Getty on tty1.
[[0;32m  OK  [0m] Reached target Login Prompts.
[[0;32m  OK  [0m] Started Authorization Manager.
[[0;32m  OK  [0m] Started Accounts Service.
[[0;32m  OK  [0m] Started LSB: automatic crash report generation.
[[0;32m  OK  [0m] Started LSB: Record successful boot for GRUB.
[[0;32m  OK  [0m] Started Virtualbox guest utils.
[[0;32m  OK  [0m] Started LXD - container startup/shutdown.
[[0;32m  OK  [0m] Started Dispatcher daemon for systemd-networkd.
[[0;32m  OK  [0m] Started containerd container runtime.
         Starting Docker Application Container Engine...
[[0;32m  OK  [0m] Started Snap Daemon.
         Starting Wait until snapd is fully seeded...
[[0;32m  OK  [0m] Started Wait until snapd is fully seeded.
         Starting Apply the settings specified in cloud-config...
[[0;32m  OK  [0m] Started LSB: Linux init script for swapspace.
[[0;32m  OK  [0m] Created slice User Slice of jenkins.
         Starting User Manager for UID 112...
[[0;32m  OK  [0m] Started Session c1 of user jenkins.
[[0;32m  OK  [0m] Created slice User Slice of vagrant.
         Starting User Manager for UID 1000...
[[0;32m  OK  [0m] Started Session 2 of user vagrant.
[[0;32m  OK  [0m] Started User Manager for UID 112.
[[0;32m  OK  [0m] Started MySQL Community Server.
[[0;32m  OK  [0m] Started User Manager for UID 1000.
[   20.101144] cloud-init[1190]: Cloud-init v. 21.4-0ubuntu1~18.04.1 running 'modules:config' at Thu, 30 Dec 2021 12:03:34 +0000. Up 19.77 seconds.
[[0;32m  OK  [0m] Started Apply the settings specified in cloud-config.
[[0;32m  OK  [0m] Started LSB: Start Jenkins at boot time.

Ubuntu 18.04.6 LTS ubuntu-bionic ttyS0

ubuntu-bionic login: [   37.515613] cloud-init[2158]: Cloud-init v. 21.4-0ubuntu1~18.04.1 running 'modules:final' at Thu, 30 Dec 2021 12:03:51 +0000. Up 37.36 seconds.
[   37.517574] cloud-init[2158]: Cloud-init v. 21.4-0ubuntu1~18.04.1 finished at Thu, 30 Dec 2021 12:03:51 +0000. Datasource DataSourceNoCloud [seed=/dev/sdb][dsmode=net].  Up 37.50 seconds
         Stopping User Manager for UID 1000...
         Stopping Session 7 of user vagrant.
         Stopping Availability of block devices...
[[0;32m  OK  [0m] Stopped target Graphical Interface.
         Stopping Accounts Service...
[[0;32m  OK  [0m] Closed Load/Save RF Kill Switch Status /dev/rfkill Watch.
         Stopping Authorization Manager...
         Stopping User Manager for UID 112...
[[0;32m  OK  [0m] Stopped target Timers.
[[0;32m  OK  [0m] Stopped Message of the Day.
[[0;32m  OK  [0m] Stopped Discard unused blocks once a week.
[[0;32m  OK  [0m] Stopped target Cloud-init target.
[[0;32m  OK  [0m] Stopped Execute cloud user/final scripts.
[[0;32m  OK  [0m] Stopped Apply the settings specified in cloud-config.
[[0;32m  OK  [0m] Stopped target Cloud-config availability.
[[0;32m  OK  [0m] Stopped target Multi-User System.
         Stopping MySQL Community Server...
[[0;32m  OK  [0m] Stopped target Login Prompts.
         Stopping Getty on tty1...
         Stopping Serial Getty on ttyS0...
         Stopping Regular background program processing daemon...
         Stopping irqbalance daemon...
[[0;32m  OK  [0m] Stopped Wait until snapd is fully seeded.
         Stopping System Logging Service...
         Stopping Dispatcher daemon for systemd-networkd...
         Stopping D-Bus System Message Bus...
         Stopping LSB: Record successful boot for GRUB...
         Stopping LSB: Linux init script for swapspace...
         Stopping LSB: Start Jenkins at boot time...
         Stopping FUSE filesystem for LXC...
         Stopping OpenBSD Secure Shell server...
[[0;32m  OK  [0m] Stopped Daily Cleanup of Temporary Directories.
         Stopping Virtualbox guest utils...
         Stopping Docker Application Container Engine...
[[0;32m  OK  [0m] Stopped Daily apt upgrade and clean activities.
[[0;32m  OK  [0m] Stopped Daily apt download activities.
[[0;32m  OK  [0m] Stopped target System Time Synchronized.
[[0;32m  OK  [0m] Stopped Ubuntu Advantage Timer for running repeated jobs.
         Stopping Session c1 of user jenkins.
         Stopping Deferred execution scheduler...
         Stopping LXD - container startup/shutdown...
         Stopping LSB: automatic crash report generation...
[[0;32m  OK  [0m] Stopped target Host and Network Name Lookups.
[[0;32m  OK  [0m] Stopped Regular background program processing daemon.
[[0;32m  OK  [0m] Stopped Dispatcher daemon for systemd-networkd.
[[0;32m  OK  [0m] Stopped Serial Getty on ttyS0.
[[0;32m  OK  [0m] Removed slice system-serial\x2dgetty.slice.
[[0;32m  OK  [0m] Stopped Getty on tty1.
[[0;32m  OK  [0m] Removed slice system-getty.slice.
[[0;32m  OK  [0m] Stopped Session 7 of user vagrant.
[[0;32m  OK  [0m] Stopped Authorization Manager.
[[0;32m  OK  [0m] Stopped User Manager for UID 1000.
[[0;32m  OK  [0m] Removed slice User Slice of vagrant.
[[0;32m  OK  [0m] Unmounted /run/user/1000.
[[0;32m  OK  [0m] Unmounted /var/lib/lxcfs.
[[0;32m  OK  [0m] Stopped Deferred execution scheduler.
[[0;32m  OK  [0m] Stopped irqbalance daemon.
[[0;32m  OK  [0m] Stopped OpenBSD Secure Shell server.
[[0;32m  OK  [0m] Stopped D-Bus System Message Bus.
[[0;32m  OK  [0m] Stopped LXD - container startup/shutdown.
[[0;32m  OK  [0m] Stopped User Manager for UID 112.
[[0;32m  OK  [0m] Stopped Accounts Service.
[[0;32m  OK  [0m] Stopped Availability of block devices.
[[0;32m  OK  [0m] Stopped FUSE filesystem for LXC.
[[0;32m  OK  [0m] Stopped System Logging Service.
[[0;32m  OK  [0m] Stopped LSB: Record successful boot for GRUB.
[[0;32m  OK  [0m] Stopped LSB: Linux init script for swapspace.
[[0;32m  OK  [0m] Stopped LSB: automatic crash report generation.
[[0;32m  OK  [0m] Stopped Virtualbox guest utils.
[[0;32m  OK  [0m] Unmounted /run/docker/netns/e423817c65a6.
[[0;32m  OK  [0m] Unmounted /var/lib/docker/overlay2/…98a6af1319ec9bf2cebd998609/merged.
[[0;32m  OK  [0m] Stopped Session c1 of user jenkins.
[[0;32m  OK  [0m] Removed slice User Slice of jenkins.
         Stopping Login Service...
         Stopping Permit User Sessions...
[[0;32m  OK  [0m] Stopped Permit User Sessions.
[[0;32m  OK  [0m] Stopped Login Service.
[[0;32m  OK  [0m] Stopped target User and Group Name Lookups.
[[0;32m  OK  [0m] Stopped LSB: Start Jenkins at boot time.
[[0;32m  OK  [0m] Stopped target Remote File Systems.
         Unmounting /vagrant...
         Unmounting /configs...
[[0;32m  OK  [0m] Unmounted /vagrant.
[[0;32m  OK  [0m] Unmounted /configs.
[[0;32m  OK  [0m] Stopped target Remote File Systems (Pre).
[[0;32m  OK  [0m] Stopped MySQL Community Server.
[[0;32m  OK  [0m] Unmounted /run/docker/netns/b6e8b7ecf3e1.
[[0;32m  OK  [0m] Unmounted /var/lib/docker/overlay2/…78f429cd6b74f9e277a1dbf665/merged.
[[0;32m  OK  [0m] Stopped Docker Application Container Engine.
         Stopping containerd container runtime...
[[0;32m  OK  [0m] Stopped target Network is Online.
[[0;32m  OK  [0m] Stopped containerd container runtime.
[[0;32m  OK  [0m] Stopped target Network.
         Stopping Network Name Resolution...
[[0;32m  OK  [0m] Stopped target Basic System.
[[0;32m  OK  [0m] Stopped target Sockets.
[[0;32m  OK  [0m] Closed Docker Socket for the API.
[[0;32m  OK  [0m] Closed Syslog Socket.
[[0;32m  OK  [0m] Closed cloud-init hotplug hook socket.
[[0;32m  OK  [0m] Closed Open-iSCSI iscsid Socket.
[[0;32m  OK  [0m] Closed D-Bus System Message Bus Socket.
[[0;32m  OK  [0m] Closed Socket activation for snappy daemon.
[[0;32m  OK  [0m] Closed LXD - unix socket.
[[0;32m  OK  [0m] Closed UUID daemon activation socket.
[[0;32m  OK  [0m] Closed ACPID Listen Socket.
[[0;32m  OK  [0m] Stopped target Slices.
[[0;32m  OK  [0m] Removed slice User and Session Slice.
[[0;32m  OK  [0m] Stopped target Paths.
[[0;32m  OK  [0m] Stopped Trigger to poll for Ubuntu …(Only enabled on GCP LTS non-pro).
[[0;32m  OK  [0m] Stopped ACPI Events Check.
[[0;32m  OK  [0m] Stopped target System Initialization.
[[0;32m  OK  [0m] Stopped Initial cloud-init job (metadata service crawler).
         Stopping Load/Save Random Seed...
         Stopping Update UTMP about System Boot/Shutdown...
[[0;32m  OK  [0m] Stopped target Local Encrypted Volumes.
[[0;32m  OK  [0m] Stopped Dispatch Password Requests to Console Directory Watch.
[[0;32m  OK  [0m] Stopped Forward Password Requests to Wall Directory Watch.
[[0;32m  OK  [0m] Stopped Network Name Resolution.
[[0;32m  OK  [0m] Stopped Load/Save Random Seed.
         Stopping Network Service...
[[0;32m  OK  [0m] Stopped Update UTMP about System Boot/Shutdown.
[[0;32m  OK  [0m] Stopped Create Volatile Files and Directories.
[[0;32m  OK  [0m] Stopped target Local File Systems.
         Unmounting /run/user/112...
[[0;32m  OK  [0m] Unmounted /run/user/112.
[[0;32m  OK  [0m] Stopped target Swap.
         Deactivating swap /var/lib/swapspace/4...
         Deactivating swap /var/lib/swapspace/3...
         Deactivating swap /var/lib/swapspace/2...
         Deactivating swap /var/lib/swapspace/5...
         Deactivating swap /var/lib/swapspace/1...
[[0;32m  OK  [0m] Stopped target Local File Systems (Pre).
[[0;32m  OK  [0m] Stopped Create Static Device Nodes in /dev.
         Stopping Monitoring of LVM2 mirrors…ng dmeventd or progress polling...
[[0;32m  OK  [0m] Stopped Network Service.
[[0;32m  OK  [0m] Stopped Apply Kernel Variables.
[[0;32m  OK  [0m] Stopped Load Kernel Modules.
[[0;32m  OK  [0m] Stopped target Network (Pre).
[[0;32m  OK  [0m] Stopped Initial cloud-init job (pre-networking).
[[0;32m  OK  [0m] Stopped Remount Root and Kernel File Systems.
[[0;32m  OK  [0m] Reached target Shutdown.
[[0;32m  OK  [0m] Deactivated swap /var/lib/swapspace/2.
[[0;32m  OK  [0m] Deactivated swap /var/lib/swapspace/5.
[[0;32m  OK  [0m] Deactivated swap /var/lib/swapspace/4.
[[0;32m  OK  [0m] Stopped Monitoring of LVM2 mirrors,…sing dmeventd or progress polling.
         Stopping LVM2 metadata daemon...
[[0;32m  OK  [0m] Stopped LVM2 metadata daemon.
[[0;32m  OK  [0m] Deactivated swap /var/lib/swapspace/3.
[[0;32m  OK  [0m] Deactivated swap /var/lib/swapspace/1.
[[0;32m  OK  [0m] Reached target Unmount All Filesystems.
[[0;32m  OK  [0m] Reached target Final Step.
         Starting Power-Off...
[  870.335424] reboot: Power down
